<?xml version="1.0" encoding="UTF-8"?>
<!-- Generated by org.testng.reporters.JUnitReportReporter -->
<testsuite hostname="coco-pc" failures="0" tests="7" name="com.demo.FlipkartLogin" time="56.239" errors="0" timestamp="2022-10-11T13:29:28 IST" skipped="0">
  <testcase classname="com.demo.FlipkartLogin" name="initialization_T0" time="7.073"/>
  <system-out/>
  <testcase classname="com.demo.FlipkartLogin" name="MaxWindow_T3" time="3.207"/>
  <system-out/>
  <testcase classname="com.demo.FlipkartLogin" name="cross_T1" time="33.353"/>
  <system-out/>
  <testcase classname="com.demo.FlipkartLogin" name="TitleTest_T2" time="3.090"/>
  <system-out/>
  <testcase classname="com.demo.FlipkartLogin" name="SendingQuerry_T4" time="3.288"/>
  <system-out/>
  <testcase classname="com.demo.FlipkartLogin" name="Search_T5" time="3.155"/>
  <system-out/>
  <testcase classname="com.demo.FlipkartLogin" name="Scroll_T6" time="3.073"/>
  <system-out/>
</testsuite> <!-- com.demo.FlipkartLogin -->
